181202 19:45:40 mysqld_safe Logging to '/var/lib/mysql/b652a070abb7.err'.
181202 19:45:40 mysqld_safe Starting mysqld daemon with databases from /var/lib/mysql
2018-12-02 19:45:40 0 [Warning] TIMESTAMP with implicit DEFAULT value is deprecated. Please use --explicit_defaults_for_timestamp server option (see documentation for more details).
2018-12-02 19:45:40 0 [Note] /usr/sbin/mysqld (mysqld 5.6.42) starting as process 294 ...
2018-12-02 19:45:41 294 [Warning] Setting lower_case_table_names=2 because file system for /var/lib/mysql/ is case insensitive
2018-12-02 19:45:41 294 [Note] Plugin 'FEDERATED' is disabled.
/usr/sbin/mysqld: Table 'mysql.plugin' doesn't exist
2018-12-02 19:45:41 294 [ERROR] Can't open the mysql.plugin table. Please run mysql_upgrade to create it.
2018-12-02 19:45:41 294 [Note] InnoDB: Using atomics to ref count buffer pool pages
2018-12-02 19:45:41 294 [Note] InnoDB: The InnoDB memory heap is disabled
2018-12-02 19:45:41 294 [Note] InnoDB: Mutexes and rw_locks use GCC atomic builtins
2018-12-02 19:45:41 294 [Note] InnoDB: Memory barrier is not used
2018-12-02 19:45:41 294 [Note] InnoDB: Compressed tables use zlib 1.2.11
2018-12-02 19:45:41 294 [Note] InnoDB: Using Linux native AIO
2018-12-02 19:45:41 294 [Note] InnoDB: Using CPU crc32 instructions
2018-12-02 19:45:41 294 [Note] InnoDB: Initializing buffer pool, size = 128.0M
2018-12-02 19:45:41 294 [Note] InnoDB: Completed initialization of buffer pool
2018-12-02 19:45:41 294 [Note] InnoDB: Restoring page 0 of tablespace 0
2018-12-02 19:45:41 294 [Warning] InnoDB: Doublewrite does not have page_no=0 of space: 0
2018-12-02 19:45:41 294 [ERROR] InnoDB: space header page consists of zero bytes in data file ./ibdata1
2018-12-02 19:45:41 294 [ERROR] InnoDB: Could not open or create the system tablespace. If you tried to add new data files to the system tablespace, and it failed here, you should now edit innodb_data_file_path in my.cnf back to what it was, and remove the new ibdata files InnoDB created in this failed attempt. InnoDB only wrote those files full of zeros, but did not yet use them in any way. But be careful: do not remove old data files which contain your precious data!
2018-12-02 19:45:41 294 [ERROR] Plugin 'InnoDB' init function returned error.
2018-12-02 19:45:41 294 [ERROR] Plugin 'InnoDB' registration as a STORAGE ENGINE failed.
2018-12-02 19:45:41 294 [ERROR] Unknown/unsupported storage engine: InnoDB
2018-12-02 19:45:41 294 [ERROR] Aborting

2018-12-02 19:45:41 294 [Note] Binlog end
2018-12-02 19:45:41 294 [Note] Shutting down plugin 'partition'
2018-12-02 19:45:41 294 [Note] Shutting down plugin 'PERFORMANCE_SCHEMA'
2018-12-02 19:45:41 294 [Note] Shutting down plugin 'INNODB_SYS_DATAFILES'
2018-12-02 19:45:41 294 [Note] Shutting down plugin 'INNODB_SYS_TABLESPACES'
2018-12-02 19:45:41 294 [Note] Shutting down plugin 'INNODB_SYS_FOREIGN_COLS'
2018-12-02 19:45:41 294 [Note] Shutting down plugin 'INNODB_SYS_FOREIGN'
2018-12-02 19:45:41 294 [Note] Shutting down plugin 'INNODB_SYS_FIELDS'
2018-12-02 19:45:41 294 [Note] Shutting down plugin 'INNODB_SYS_COLUMNS'
2018-12-02 19:45:41 294 [Note] Shutting down plugin 'INNODB_SYS_INDEXES'
2018-12-02 19:45:41 294 [Note] Shutting down plugin 'INNODB_SYS_TABLESTATS'
2018-12-02 19:45:41 294 [Note] Shutting down plugin 'INNODB_SYS_TABLES'
2018-12-02 19:45:41 294 [Note] Shutting down plugin 'INNODB_FT_INDEX_TABLE'
2018-12-02 19:45:41 294 [Note] Shutting down plugin 'INNODB_FT_INDEX_CACHE'
2018-12-02 19:45:41 294 [Note] Shutting down plugin 'INNODB_FT_CONFIG'
2018-12-02 19:45:41 294 [Note] Shutting down plugin 'INNODB_FT_BEING_DELETED'
2018-12-02 19:45:41 294 [Note] Shutting down plugin 'INNODB_FT_DELETED'
2018-12-02 19:45:41 294 [Note] Shutting down plugin 'INNODB_FT_DEFAULT_STOPWORD'
2018-12-02 19:45:41 294 [Note] Shutting down plugin 'INNODB_METRICS'
2018-12-02 19:45:41 294 [Note] Shutting down plugin 'INNODB_BUFFER_POOL_STATS'
2018-12-02 19:45:41 294 [Note] Shutting down plugin 'INNODB_BUFFER_PAGE_LRU'
2018-12-02 19:45:41 294 [Note] Shutting down plugin 'INNODB_BUFFER_PAGE'
2018-12-02 19:45:41 294 [Note] Shutting down plugin 'INNODB_CMP_PER_INDEX_RESET'
2018-12-02 19:45:41 294 [Note] Shutting down plugin 'INNODB_CMP_PER_INDEX'
2018-12-02 19:45:41 294 [Note] Shutting down plugin 'INNODB_CMPMEM_RESET'
2018-12-02 19:45:41 294 [Note] Shutting down plugin 'INNODB_CMPMEM'
2018-12-02 19:45:41 294 [Note] Shutting down plugin 'INNODB_CMP_RESET'
2018-12-02 19:45:41 294 [Note] Shutting down plugin 'INNODB_CMP'
2018-12-02 19:45:41 294 [Note] Shutting down plugin 'INNODB_LOCK_WAITS'
2018-12-02 19:45:41 294 [Note] Shutting down plugin 'INNODB_LOCKS'
2018-12-02 19:45:41 294 [Note] Shutting down plugin 'INNODB_TRX'
2018-12-02 19:45:41 294 [Note] Shutting down plugin 'BLACKHOLE'
2018-12-02 19:45:41 294 [Note] Shutting down plugin 'ARCHIVE'
2018-12-02 19:45:41 294 [Note] Shutting down plugin 'MRG_MYISAM'
2018-12-02 19:45:41 294 [Note] Shutting down plugin 'MyISAM'
2018-12-02 19:45:41 294 [Note] Shutting down plugin 'MEMORY'
2018-12-02 19:45:41 294 [Note] Shutting down plugin 'CSV'
2018-12-02 19:45:41 294 [Note] Shutting down plugin 'sha256_password'
2018-12-02 19:45:41 294 [Note] Shutting down plugin 'mysql_old_password'
2018-12-02 19:45:41 294 [Note] Shutting down plugin 'mysql_native_password'
2018-12-02 19:45:41 294 [Note] Shutting down plugin 'binlog'
2018-12-02 19:45:41 294 [Note] /usr/sbin/mysqld: Shutdown complete

181202 19:45:41 mysqld_safe mysqld from pid file /var/run/mysqld/mysqld.pid ended
