181214 07:41:18 mysqld_safe Logging to '/var/lib/mysql/3b497e0f7c3c.err'.
181214 07:41:18 mysqld_safe Starting mysqld daemon with databases from /var/lib/mysql
2018-12-14 07:41:19 0 [Warning] TIMESTAMP with implicit DEFAULT value is deprecated. Please use --explicit_defaults_for_timestamp server option (see documentation for more details).
2018-12-14 07:41:19 0 [Note] /usr/sbin/mysqld (mysqld 5.6.42) starting as process 277 ...
2018-12-14 07:41:19 277 [Note] Plugin 'FEDERATED' is disabled.
2018-12-14 07:41:19 277 [Note] InnoDB: Using atomics to ref count buffer pool pages
2018-12-14 07:41:19 277 [Note] InnoDB: The InnoDB memory heap is disabled
2018-12-14 07:41:19 277 [Note] InnoDB: Mutexes and rw_locks use GCC atomic builtins
2018-12-14 07:41:19 277 [Note] InnoDB: Memory barrier is not used
2018-12-14 07:41:19 277 [Note] InnoDB: Compressed tables use zlib 1.2.11
2018-12-14 07:41:19 277 [Note] InnoDB: Using Linux native AIO
2018-12-14 07:41:19 277 [Note] InnoDB: Using CPU crc32 instructions
2018-12-14 07:41:19 277 [Note] InnoDB: Initializing buffer pool, size = 128.0M
2018-12-14 07:41:19 277 [Note] InnoDB: Completed initialization of buffer pool
2018-12-14 07:41:19 277 [ERROR] InnoDB: Unable to lock ./ibdata1, error: 11
2018-12-14 07:41:19 277 [Note] InnoDB: Check that you do not already have another mysqld process using the same InnoDB data or log files.
2018-12-14 07:41:19 277 [Note] InnoDB: Retrying to lock the first data file
2018-12-14 07:41:20 277 [ERROR] InnoDB: Unable to lock ./ibdata1, error: 11
2018-12-14 07:41:20 277 [Note] InnoDB: Check that you do not already have another mysqld process using the same InnoDB data or log files.
2018-12-14 07:41:21 277 [ERROR] InnoDB: Unable to lock ./ibdata1, error: 11
2018-12-14 07:41:21 277 [Note] InnoDB: Check that you do not already have another mysqld process using the same InnoDB data or log files.
2018-12-14 07:41:22 277 [ERROR] InnoDB: Unable to lock ./ibdata1, error: 11
2018-12-14 07:41:22 277 [Note] InnoDB: Check that you do not already have another mysqld process using the same InnoDB data or log files.
2018-12-14 07:41:23 277 [ERROR] InnoDB: Unable to lock ./ibdata1, error: 11
2018-12-14 07:41:23 277 [Note] InnoDB: Check that you do not already have another mysqld process using the same InnoDB data or log files.
2018-12-14 07:41:24 277 [ERROR] InnoDB: Unable to lock ./ibdata1, error: 11
2018-12-14 07:41:24 277 [Note] InnoDB: Check that you do not already have another mysqld process using the same InnoDB data or log files.
2018-12-14 07:41:25 277 [ERROR] InnoDB: Unable to lock ./ibdata1, error: 11
2018-12-14 07:41:25 277 [Note] InnoDB: Check that you do not already have another mysqld process using the same InnoDB data or log files.
2018-12-14 07:41:26 277 [ERROR] InnoDB: Unable to lock ./ibdata1, error: 11
2018-12-14 07:41:26 277 [Note] InnoDB: Check that you do not already have another mysqld process using the same InnoDB data or log files.
2018-12-14 07:41:27 277 [ERROR] InnoDB: Unable to lock ./ibdata1, error: 11
2018-12-14 07:41:27 277 [Note] InnoDB: Check that you do not already have another mysqld process using the same InnoDB data or log files.
2018-12-14 07:41:28 277 [ERROR] InnoDB: Unable to lock ./ibdata1, error: 11
2018-12-14 07:41:28 277 [Note] InnoDB: Check that you do not already have another mysqld process using the same InnoDB data or log files.
2018-12-14 07:41:29 277 [ERROR] InnoDB: Unable to lock ./ibdata1, error: 11
2018-12-14 07:41:29 277 [Note] InnoDB: Check that you do not already have another mysqld process using the same InnoDB data or log files.
2018-12-14 07:41:30 277 [ERROR] InnoDB: Unable to lock ./ibdata1, error: 11
2018-12-14 07:41:30 277 [Note] InnoDB: Check that you do not already have another mysqld process using the same InnoDB data or log files.
2018-12-14 07:41:31 277 [ERROR] InnoDB: Unable to lock ./ibdata1, error: 11
2018-12-14 07:41:31 277 [Note] InnoDB: Check that you do not already have another mysqld process using the same InnoDB data or log files.
2018-12-14 07:41:32 277 [ERROR] InnoDB: Unable to lock ./ibdata1, error: 11
2018-12-14 07:41:32 277 [Note] InnoDB: Check that you do not already have another mysqld process using the same InnoDB data or log files.
2018-12-14 07:41:33 277 [ERROR] InnoDB: Unable to lock ./ibdata1, error: 11
2018-12-14 07:41:33 277 [Note] InnoDB: Check that you do not already have another mysqld process using the same InnoDB data or log files.
2018-12-14 07:41:34 277 [ERROR] InnoDB: Unable to lock ./ibdata1, error: 11
2018-12-14 07:41:34 277 [Note] InnoDB: Check that you do not already have another mysqld process using the same InnoDB data or log files.
2018-12-14 07:41:35 277 [ERROR] InnoDB: Unable to lock ./ibdata1, error: 11
2018-12-14 07:41:35 277 [Note] InnoDB: Check that you do not already have another mysqld process using the same InnoDB data or log files.
2018-12-14 07:41:36 277 [ERROR] InnoDB: Unable to lock ./ibdata1, error: 11
2018-12-14 07:41:36 277 [Note] InnoDB: Check that you do not already have another mysqld process using the same InnoDB data or log files.
2018-12-14 07:41:37 277 [ERROR] InnoDB: Unable to lock ./ibdata1, error: 11
2018-12-14 07:41:37 277 [Note] InnoDB: Check that you do not already have another mysqld process using the same InnoDB data or log files.
2018-12-14 07:41:38 277 [ERROR] InnoDB: Unable to lock ./ibdata1, error: 11
2018-12-14 07:41:38 277 [Note] InnoDB: Check that you do not already have another mysqld process using the same InnoDB data or log files.
2018-12-14 07:41:39 277 [ERROR] InnoDB: Unable to lock ./ibdata1, error: 11
2018-12-14 07:41:39 277 [Note] InnoDB: Check that you do not already have another mysqld process using the same InnoDB data or log files.
2018-12-14 07:41:40 277 [ERROR] InnoDB: Unable to lock ./ibdata1, error: 11
2018-12-14 07:41:40 277 [Note] InnoDB: Check that you do not already have another mysqld process using the same InnoDB data or log files.
2018-12-14 07:41:41 277 [ERROR] InnoDB: Unable to lock ./ibdata1, error: 11
2018-12-14 07:41:41 277 [Note] InnoDB: Check that you do not already have another mysqld process using the same InnoDB data or log files.
2018-12-14 07:41:42 277 [ERROR] InnoDB: Unable to lock ./ibdata1, error: 11
2018-12-14 07:41:42 277 [Note] InnoDB: Check that you do not already have another mysqld process using the same InnoDB data or log files.
2018-12-14 07:41:43 277 [ERROR] InnoDB: Unable to lock ./ibdata1, error: 11
2018-12-14 07:41:43 277 [Note] InnoDB: Check that you do not already have another mysqld process using the same InnoDB data or log files.
2018-12-14 07:41:44 277 [ERROR] InnoDB: Unable to lock ./ibdata1, error: 11
2018-12-14 07:41:44 277 [Note] InnoDB: Check that you do not already have another mysqld process using the same InnoDB data or log files.
2018-12-14 07:41:45 277 [ERROR] InnoDB: Unable to lock ./ibdata1, error: 11
2018-12-14 07:41:45 277 [Note] InnoDB: Check that you do not already have another mysqld process using the same InnoDB data or log files.
2018-12-14 07:41:46 277 [ERROR] InnoDB: Unable to lock ./ibdata1, error: 11
2018-12-14 07:41:46 277 [Note] InnoDB: Check that you do not already have another mysqld process using the same InnoDB data or log files.
2018-12-14 07:41:47 277 [ERROR] InnoDB: Unable to lock ./ibdata1, error: 11
2018-12-14 07:41:47 277 [Note] InnoDB: Check that you do not already have another mysqld process using the same InnoDB data or log files.
2018-12-14 07:41:48 277 [ERROR] InnoDB: Unable to lock ./ibdata1, error: 11
2018-12-14 07:41:48 277 [Note] InnoDB: Check that you do not already have another mysqld process using the same InnoDB data or log files.
2018-12-14 07:41:49 277 [ERROR] InnoDB: Unable to lock ./ibdata1, error: 11
2018-12-14 07:41:49 277 [Note] InnoDB: Check that you do not already have another mysqld process using the same InnoDB data or log files.
2018-12-14 07:41:50 277 [ERROR] InnoDB: Unable to lock ./ibdata1, error: 11
2018-12-14 07:41:50 277 [Note] InnoDB: Check that you do not already have another mysqld process using the same InnoDB data or log files.
2018-12-14 07:41:51 277 [ERROR] InnoDB: Unable to lock ./ibdata1, error: 11
2018-12-14 07:41:51 277 [Note] InnoDB: Check that you do not already have another mysqld process using the same InnoDB data or log files.
2018-12-14 07:41:52 277 [ERROR] InnoDB: Unable to lock ./ibdata1, error: 11
2018-12-14 07:41:52 277 [Note] InnoDB: Check that you do not already have another mysqld process using the same InnoDB data or log files.
2018-12-14 07:41:53 277 [ERROR] InnoDB: Unable to lock ./ibdata1, error: 11
2018-12-14 07:41:53 277 [Note] InnoDB: Check that you do not already have another mysqld process using the same InnoDB data or log files.
2018-12-14 07:41:54 277 [ERROR] InnoDB: Unable to lock ./ibdata1, error: 11
2018-12-14 07:41:54 277 [Note] InnoDB: Check that you do not already have another mysqld process using the same InnoDB data or log files.
2018-12-14 07:41:55 277 [ERROR] InnoDB: Unable to lock ./ibdata1, error: 11
2018-12-14 07:41:55 277 [Note] InnoDB: Check that you do not already have another mysqld process using the same InnoDB data or log files.
2018-12-14 07:41:56 277 [ERROR] InnoDB: Unable to lock ./ibdata1, error: 11
2018-12-14 07:41:56 277 [Note] InnoDB: Check that you do not already have another mysqld process using the same InnoDB data or log files.
2018-12-14 07:41:57 277 [ERROR] InnoDB: Unable to lock ./ibdata1, error: 11
2018-12-14 07:41:57 277 [Note] InnoDB: Check that you do not already have another mysqld process using the same InnoDB data or log files.
2018-12-14 07:41:58 277 [ERROR] InnoDB: Unable to lock ./ibdata1, error: 11
2018-12-14 07:41:58 277 [Note] InnoDB: Check that you do not already have another mysqld process using the same InnoDB data or log files.
2018-12-14 07:41:59 277 [ERROR] InnoDB: Unable to lock ./ibdata1, error: 11
2018-12-14 07:41:59 277 [Note] InnoDB: Check that you do not already have another mysqld process using the same InnoDB data or log files.
2018-12-14 07:42:00 277 [ERROR] InnoDB: Unable to lock ./ibdata1, error: 11
2018-12-14 07:42:00 277 [Note] InnoDB: Check that you do not already have another mysqld process using the same InnoDB data or log files.
2018-12-14 07:42:01 277 [ERROR] InnoDB: Unable to lock ./ibdata1, error: 11
2018-12-14 07:42:01 277 [Note] InnoDB: Check that you do not already have another mysqld process using the same InnoDB data or log files.
2018-12-14 07:42:02 277 [ERROR] InnoDB: Unable to lock ./ibdata1, error: 11
2018-12-14 07:42:02 277 [Note] InnoDB: Check that you do not already have another mysqld process using the same InnoDB data or log files.
2018-12-14 07:42:03 277 [ERROR] InnoDB: Unable to lock ./ibdata1, error: 11
2018-12-14 07:42:03 277 [Note] InnoDB: Check that you do not already have another mysqld process using the same InnoDB data or log files.
2018-12-14 07:42:04 277 [ERROR] InnoDB: Unable to lock ./ibdata1, error: 11
2018-12-14 07:42:04 277 [Note] InnoDB: Check that you do not already have another mysqld process using the same InnoDB data or log files.
2018-12-14 07:42:05 277 [ERROR] InnoDB: Unable to lock ./ibdata1, error: 11
2018-12-14 07:42:05 277 [Note] InnoDB: Check that you do not already have another mysqld process using the same InnoDB data or log files.
2018-12-14 07:42:06 277 [ERROR] InnoDB: Unable to lock ./ibdata1, error: 11
2018-12-14 07:42:06 277 [Note] InnoDB: Check that you do not already have another mysqld process using the same InnoDB data or log files.
2018-12-14 07:42:07 277 [ERROR] InnoDB: Unable to lock ./ibdata1, error: 11
2018-12-14 07:42:07 277 [Note] InnoDB: Check that you do not already have another mysqld process using the same InnoDB data or log files.
2018-12-14 07:42:08 277 [ERROR] InnoDB: Unable to lock ./ibdata1, error: 11
2018-12-14 07:42:08 277 [Note] InnoDB: Check that you do not already have another mysqld process using the same InnoDB data or log files.
2018-12-14 07:42:09 277 [ERROR] InnoDB: Unable to lock ./ibdata1, error: 11
2018-12-14 07:42:09 277 [Note] InnoDB: Check that you do not already have another mysqld process using the same InnoDB data or log files.
2018-12-14 07:42:10 277 [ERROR] InnoDB: Unable to lock ./ibdata1, error: 11
2018-12-14 07:42:10 277 [Note] InnoDB: Check that you do not already have another mysqld process using the same InnoDB data or log files.
2018-12-14 07:42:11 277 [ERROR] InnoDB: Unable to lock ./ibdata1, error: 11
2018-12-14 07:42:11 277 [Note] InnoDB: Check that you do not already have another mysqld process using the same InnoDB data or log files.
2018-12-14 07:42:12 277 [ERROR] InnoDB: Unable to lock ./ibdata1, error: 11
2018-12-14 07:42:12 277 [Note] InnoDB: Check that you do not already have another mysqld process using the same InnoDB data or log files.
2018-12-14 07:42:13 277 [ERROR] InnoDB: Unable to lock ./ibdata1, error: 11
2018-12-14 07:42:13 277 [Note] InnoDB: Check that you do not already have another mysqld process using the same InnoDB data or log files.
2018-12-14 07:42:14 277 [ERROR] InnoDB: Unable to lock ./ibdata1, error: 11
2018-12-14 07:42:14 277 [Note] InnoDB: Check that you do not already have another mysqld process using the same InnoDB data or log files.
2018-12-14 07:42:15 277 [ERROR] InnoDB: Unable to lock ./ibdata1, error: 11
2018-12-14 07:42:15 277 [Note] InnoDB: Check that you do not already have another mysqld process using the same InnoDB data or log files.
2018-12-14 07:42:16 277 [ERROR] InnoDB: Unable to lock ./ibdata1, error: 11
2018-12-14 07:42:16 277 [Note] InnoDB: Check that you do not already have another mysqld process using the same InnoDB data or log files.
2018-12-14 07:42:17 277 [ERROR] InnoDB: Unable to lock ./ibdata1, error: 11
2018-12-14 07:42:17 277 [Note] InnoDB: Check that you do not already have another mysqld process using the same InnoDB data or log files.
2018-12-14 07:42:18 277 [ERROR] InnoDB: Unable to lock ./ibdata1, error: 11
2018-12-14 07:42:18 277 [Note] InnoDB: Check that you do not already have another mysqld process using the same InnoDB data or log files.
2018-12-14 07:42:19 277 [ERROR] InnoDB: Unable to lock ./ibdata1, error: 11
2018-12-14 07:42:19 277 [Note] InnoDB: Check that you do not already have another mysqld process using the same InnoDB data or log files.
2018-12-14 07:42:20 277 [ERROR] InnoDB: Unable to lock ./ibdata1, error: 11
2018-12-14 07:42:20 277 [Note] InnoDB: Check that you do not already have another mysqld process using the same InnoDB data or log files.
2018-12-14 07:42:21 277 [ERROR] InnoDB: Unable to lock ./ibdata1, error: 11
2018-12-14 07:42:21 277 [Note] InnoDB: Check that you do not already have another mysqld process using the same InnoDB data or log files.
2018-12-14 07:42:22 277 [ERROR] InnoDB: Unable to lock ./ibdata1, error: 11
2018-12-14 07:42:22 277 [Note] InnoDB: Check that you do not already have another mysqld process using the same InnoDB data or log files.
2018-12-14 07:42:23 277 [ERROR] InnoDB: Unable to lock ./ibdata1, error: 11
2018-12-14 07:42:23 277 [Note] InnoDB: Check that you do not already have another mysqld process using the same InnoDB data or log files.
2018-12-14 07:42:24 277 [ERROR] InnoDB: Unable to lock ./ibdata1, error: 11
2018-12-14 07:42:24 277 [Note] InnoDB: Check that you do not already have another mysqld process using the same InnoDB data or log files.
2018-12-14 07:42:25 277 [ERROR] InnoDB: Unable to lock ./ibdata1, error: 11
2018-12-14 07:42:25 277 [Note] InnoDB: Check that you do not already have another mysqld process using the same InnoDB data or log files.
2018-12-14 07:42:26 277 [ERROR] InnoDB: Unable to lock ./ibdata1, error: 11
2018-12-14 07:42:26 277 [Note] InnoDB: Check that you do not already have another mysqld process using the same InnoDB data or log files.
2018-12-14 07:42:27 277 [ERROR] InnoDB: Unable to lock ./ibdata1, error: 11
2018-12-14 07:42:27 277 [Note] InnoDB: Check that you do not already have another mysqld process using the same InnoDB data or log files.
2018-12-14 07:42:28 277 [ERROR] InnoDB: Unable to lock ./ibdata1, error: 11
2018-12-14 07:42:28 277 [Note] InnoDB: Check that you do not already have another mysqld process using the same InnoDB data or log files.
2018-12-14 07:42:29 277 [ERROR] InnoDB: Unable to lock ./ibdata1, error: 11
2018-12-14 07:42:29 277 [Note] InnoDB: Check that you do not already have another mysqld process using the same InnoDB data or log files.
2018-12-14 07:42:30 277 [ERROR] InnoDB: Unable to lock ./ibdata1, error: 11
2018-12-14 07:42:30 277 [Note] InnoDB: Check that you do not already have another mysqld process using the same InnoDB data or log files.
2018-12-14 07:42:31 277 [ERROR] InnoDB: Unable to lock ./ibdata1, error: 11
2018-12-14 07:42:31 277 [Note] InnoDB: Check that you do not already have another mysqld process using the same InnoDB data or log files.
2018-12-14 07:42:32 277 [ERROR] InnoDB: Unable to lock ./ibdata1, error: 11
2018-12-14 07:42:32 277 [Note] InnoDB: Check that you do not already have another mysqld process using the same InnoDB data or log files.
2018-12-14 07:42:33 277 [ERROR] InnoDB: Unable to lock ./ibdata1, error: 11
2018-12-14 07:42:33 277 [Note] InnoDB: Check that you do not already have another mysqld process using the same InnoDB data or log files.
2018-12-14 07:42:34 277 [ERROR] InnoDB: Unable to lock ./ibdata1, error: 11
2018-12-14 07:42:34 277 [Note] InnoDB: Check that you do not already have another mysqld process using the same InnoDB data or log files.
2018-12-14 07:42:35 277 [ERROR] InnoDB: Unable to lock ./ibdata1, error: 11
2018-12-14 07:42:35 277 [Note] InnoDB: Check that you do not already have another mysqld process using the same InnoDB data or log files.
2018-12-14 07:42:36 277 [ERROR] InnoDB: Unable to lock ./ibdata1, error: 11
2018-12-14 07:42:36 277 [Note] InnoDB: Check that you do not already have another mysqld process using the same InnoDB data or log files.
2018-12-14 07:42:37 277 [ERROR] InnoDB: Unable to lock ./ibdata1, error: 11
2018-12-14 07:42:37 277 [Note] InnoDB: Check that you do not already have another mysqld process using the same InnoDB data or log files.
2018-12-14 07:42:38 277 [ERROR] InnoDB: Unable to lock ./ibdata1, error: 11
2018-12-14 07:42:38 277 [Note] InnoDB: Check that you do not already have another mysqld process using the same InnoDB data or log files.
2018-12-14 07:42:39 277 [ERROR] InnoDB: Unable to lock ./ibdata1, error: 11
2018-12-14 07:42:39 277 [Note] InnoDB: Check that you do not already have another mysqld process using the same InnoDB data or log files.
2018-12-14 07:42:40 277 [ERROR] InnoDB: Unable to lock ./ibdata1, error: 11
2018-12-14 07:42:40 277 [Note] InnoDB: Check that you do not already have another mysqld process using the same InnoDB data or log files.
2018-12-14 07:42:41 277 [ERROR] InnoDB: Unable to lock ./ibdata1, error: 11
2018-12-14 07:42:41 277 [Note] InnoDB: Check that you do not already have another mysqld process using the same InnoDB data or log files.
2018-12-14 07:42:42 277 [ERROR] InnoDB: Unable to lock ./ibdata1, error: 11
2018-12-14 07:42:42 277 [Note] InnoDB: Check that you do not already have another mysqld process using the same InnoDB data or log files.
2018-12-14 07:42:43 277 [ERROR] InnoDB: Unable to lock ./ibdata1, error: 11
2018-12-14 07:42:43 277 [Note] InnoDB: Check that you do not already have another mysqld process using the same InnoDB data or log files.
2018-12-14 07:42:44 277 [ERROR] InnoDB: Unable to lock ./ibdata1, error: 11
2018-12-14 07:42:44 277 [Note] InnoDB: Check that you do not already have another mysqld process using the same InnoDB data or log files.
2018-12-14 07:42:45 277 [ERROR] InnoDB: Unable to lock ./ibdata1, error: 11
2018-12-14 07:42:45 277 [Note] InnoDB: Check that you do not already have another mysqld process using the same InnoDB data or log files.
2018-12-14 07:42:46 277 [ERROR] InnoDB: Unable to lock ./ibdata1, error: 11
2018-12-14 07:42:46 277 [Note] InnoDB: Check that you do not already have another mysqld process using the same InnoDB data or log files.
2018-12-14 07:42:47 277 [ERROR] InnoDB: Unable to lock ./ibdata1, error: 11
2018-12-14 07:42:47 277 [Note] InnoDB: Check that you do not already have another mysqld process using the same InnoDB data or log files.
2018-12-14 07:42:48 277 [ERROR] InnoDB: Unable to lock ./ibdata1, error: 11
2018-12-14 07:42:48 277 [Note] InnoDB: Check that you do not already have another mysqld process using the same InnoDB data or log files.
2018-12-14 07:42:49 277 [ERROR] InnoDB: Unable to lock ./ibdata1, error: 11
2018-12-14 07:42:49 277 [Note] InnoDB: Check that you do not already have another mysqld process using the same InnoDB data or log files.
2018-12-14 07:42:50 277 [ERROR] InnoDB: Unable to lock ./ibdata1, error: 11
2018-12-14 07:42:50 277 [Note] InnoDB: Check that you do not already have another mysqld process using the same InnoDB data or log files.
2018-12-14 07:42:51 277 [ERROR] InnoDB: Unable to lock ./ibdata1, error: 11
2018-12-14 07:42:51 277 [Note] InnoDB: Check that you do not already have another mysqld process using the same InnoDB data or log files.
2018-12-14 07:42:52 277 [ERROR] InnoDB: Unable to lock ./ibdata1, error: 11
2018-12-14 07:42:52 277 [Note] InnoDB: Check that you do not already have another mysqld process using the same InnoDB data or log files.
2018-12-14 07:42:53 277 [ERROR] InnoDB: Unable to lock ./ibdata1, error: 11
2018-12-14 07:42:53 277 [Note] InnoDB: Check that you do not already have another mysqld process using the same InnoDB data or log files.
2018-12-14 07:42:54 277 [ERROR] InnoDB: Unable to lock ./ibdata1, error: 11
2018-12-14 07:42:54 277 [Note] InnoDB: Check that you do not already have another mysqld process using the same InnoDB data or log files.
2018-12-14 07:42:55 277 [ERROR] InnoDB: Unable to lock ./ibdata1, error: 11
2018-12-14 07:42:55 277 [Note] InnoDB: Check that you do not already have another mysqld process using the same InnoDB data or log files.
2018-12-14 07:42:56 277 [ERROR] InnoDB: Unable to lock ./ibdata1, error: 11
2018-12-14 07:42:56 277 [Note] InnoDB: Check that you do not already have another mysqld process using the same InnoDB data or log files.
2018-12-14 07:42:57 277 [ERROR] InnoDB: Unable to lock ./ibdata1, error: 11
2018-12-14 07:42:57 277 [Note] InnoDB: Check that you do not already have another mysqld process using the same InnoDB data or log files.
2018-12-14 07:42:58 277 [ERROR] InnoDB: Unable to lock ./ibdata1, error: 11
2018-12-14 07:42:58 277 [Note] InnoDB: Check that you do not already have another mysqld process using the same InnoDB data or log files.
2018-12-14 07:42:59 277 [ERROR] InnoDB: Unable to lock ./ibdata1, error: 11
2018-12-14 07:42:59 277 [Note] InnoDB: Check that you do not already have another mysqld process using the same InnoDB data or log files.
2018-12-14 07:42:59 277 [Note] InnoDB: Unable to open the first data file
2018-12-14 07:42:59 7f558fa875c0  InnoDB: Operating system error number 11 in a file operation.
InnoDB: Error number 11 means 'Resource temporarily unavailable'.
InnoDB: Some operating system error numbers are described at
InnoDB: http://dev.mysql.com/doc/refman/5.6/en/operating-system-error-codes.html
2018-12-14 07:42:59 277 [ERROR] InnoDB: Can't open './ibdata1'
2018-12-14 07:42:59 277 [ERROR] InnoDB: Could not open or create the system tablespace. If you tried to add new data files to the system tablespace, and it failed here, you should now edit innodb_data_file_path in my.cnf back to what it was, and remove the new ibdata files InnoDB created in this failed attempt. InnoDB only wrote those files full of zeros, but did not yet use them in any way. But be careful: do not remove old data files which contain your precious data!
2018-12-14 07:42:59 277 [ERROR] Plugin 'InnoDB' init function returned error.
2018-12-14 07:42:59 277 [ERROR] Plugin 'InnoDB' registration as a STORAGE ENGINE failed.
2018-12-14 07:42:59 277 [ERROR] Unknown/unsupported storage engine: InnoDB
2018-12-14 07:42:59 277 [ERROR] Aborting

2018-12-14 07:42:59 277 [Note] Binlog end
2018-12-14 07:42:59 277 [Note] Shutting down plugin 'partition'
2018-12-14 07:42:59 277 [Note] Shutting down plugin 'PERFORMANCE_SCHEMA'
2018-12-14 07:42:59 277 [Note] Shutting down plugin 'INNODB_SYS_DATAFILES'
2018-12-14 07:42:59 277 [Note] Shutting down plugin 'INNODB_SYS_TABLESPACES'
2018-12-14 07:42:59 277 [Note] Shutting down plugin 'INNODB_SYS_FOREIGN_COLS'
2018-12-14 07:42:59 277 [Note] Shutting down plugin 'INNODB_SYS_FOREIGN'
2018-12-14 07:42:59 277 [Note] Shutting down plugin 'INNODB_SYS_FIELDS'
2018-12-14 07:42:59 277 [Note] Shutting down plugin 'INNODB_SYS_COLUMNS'
2018-12-14 07:42:59 277 [Note] Shutting down plugin 'INNODB_SYS_INDEXES'
2018-12-14 07:42:59 277 [Note] Shutting down plugin 'INNODB_SYS_TABLESTATS'
2018-12-14 07:42:59 277 [Note] Shutting down plugin 'INNODB_SYS_TABLES'
2018-12-14 07:42:59 277 [Note] Shutting down plugin 'INNODB_FT_INDEX_TABLE'
2018-12-14 07:42:59 277 [Note] Shutting down plugin 'INNODB_FT_INDEX_CACHE'
2018-12-14 07:42:59 277 [Note] Shutting down plugin 'INNODB_FT_CONFIG'
2018-12-14 07:42:59 277 [Note] Shutting down plugin 'INNODB_FT_BEING_DELETED'
2018-12-14 07:42:59 277 [Note] Shutting down plugin 'INNODB_FT_DELETED'
2018-12-14 07:42:59 277 [Note] Shutting down plugin 'INNODB_FT_DEFAULT_STOPWORD'
2018-12-14 07:42:59 277 [Note] Shutting down plugin 'INNODB_METRICS'
2018-12-14 07:42:59 277 [Note] Shutting down plugin 'INNODB_BUFFER_POOL_STATS'
2018-12-14 07:42:59 277 [Note] Shutting down plugin 'INNODB_BUFFER_PAGE_LRU'
2018-12-14 07:42:59 277 [Note] Shutting down plugin 'INNODB_BUFFER_PAGE'
2018-12-14 07:42:59 277 [Note] Shutting down plugin 'INNODB_CMP_PER_INDEX_RESET'
2018-12-14 07:42:59 277 [Note] Shutting down plugin 'INNODB_CMP_PER_INDEX'
2018-12-14 07:42:59 277 [Note] Shutting down plugin 'INNODB_CMPMEM_RESET'
2018-12-14 07:42:59 277 [Note] Shutting down plugin 'INNODB_CMPMEM'
2018-12-14 07:42:59 277 [Note] Shutting down plugin 'INNODB_CMP_RESET'
2018-12-14 07:42:59 277 [Note] Shutting down plugin 'INNODB_CMP'
2018-12-14 07:42:59 277 [Note] Shutting down plugin 'INNODB_LOCK_WAITS'
2018-12-14 07:42:59 277 [Note] Shutting down plugin 'INNODB_LOCKS'
2018-12-14 07:42:59 277 [Note] Shutting down plugin 'INNODB_TRX'
2018-12-14 07:42:59 277 [Note] Shutting down plugin 'BLACKHOLE'
2018-12-14 07:42:59 277 [Note] Shutting down plugin 'ARCHIVE'
2018-12-14 07:42:59 277 [Note] Shutting down plugin 'MRG_MYISAM'
2018-12-14 07:42:59 277 [Note] Shutting down plugin 'MyISAM'
2018-12-14 07:42:59 277 [Note] Shutting down plugin 'MEMORY'
2018-12-14 07:42:59 277 [Note] Shutting down plugin 'CSV'
2018-12-14 07:42:59 277 [Note] Shutting down plugin 'sha256_password'
2018-12-14 07:42:59 277 [Note] Shutting down plugin 'mysql_old_password'
2018-12-14 07:42:59 277 [Note] Shutting down plugin 'mysql_native_password'
2018-12-14 07:42:59 277 [Note] Shutting down plugin 'binlog'
2018-12-14 07:42:59 277 [Note] /usr/sbin/mysqld: Shutdown complete

181214 07:42:59 mysqld_safe A mysqld process with pid=1 is already running. Aborting!!
